<?xml version="1.0" encoding="UTF-8"?>
<!-- Generated by org.testng.reporters.JUnitReportReporter -->
<testsuite skipped="0" hostname="LAPTOP-HHN7D2TC" name="com.ebanking.master.Exepom" tests="1" failures="0" timestamp="2020-12-02T18:19:04 IST" time="44.461" errors="0">
  <testcase name="RCret" time="44.461" classname="com.ebanking.master.Exepom"/>
</testsuite> <!-- com.ebanking.master.Exepom -->
