<?xml version="1.0" encoding="UTF-8"?>
<!-- Generated by org.testng.reporters.JUnitReportReporter -->
<testsuite skipped="0" hostname="LAPTOP-HHN7D2TC" name="com.ebanking.scripts.SampleNG" tests="2" failures="0" timestamp="2020-11-27T18:05:41 IST" time="50.504" errors="0">
  <testcase name="Google" time="25.300" classname="com.ebanking.scripts.SampleNG"/>
  <testcase name="Fbook" time="25.204" classname="com.ebanking.scripts.SampleNG"/>
</testsuite> <!-- com.ebanking.scripts.SampleNG -->
