<?xml version="1.0" encoding="UTF-8"?>
<!-- Generated by org.testng.reporters.JUnitReportReporter -->
<testsuite skipped="0" hostname="LAPTOP-HHN7D2TC" name="com.ebanking.master.RoleNg" tests="3" failures="0" timestamp="2020-11-30T18:28:50 IST" time="29.753" errors="0">
  <testcase name="Rol" time="9.646" classname="com.ebanking.master.RoleNg"/>
  <testcase name="Rol" time="9.730" classname="com.ebanking.master.RoleNg"/>
  <testcase name="Rol" time="10.377" classname="com.ebanking.master.RoleNg"/>
</testsuite> <!-- com.ebanking.master.RoleNg -->
